\BOOKMARK [1][-]{section.1}{II.1.\040The\040recursive\040formulation.}{}% 1
\BOOKMARK [1][-]{section.2}{II.2;\040II.3;\040II.4\040Algorithm\040and\040STEPs}{}% 2
\BOOKMARK [2][-]{subsection.2.1}{STEP.1\040Generating\040state\040space}{section.2}% 3
\BOOKMARK [3][-]{subsubsection.2.1.1}{Discrete\040Method}{subsection.2.1}% 4
\BOOKMARK [3][-]{subsubsection.2.1.2}{Continuous\040Method}{subsection.2.1}% 5
\BOOKMARK [2][-]{subsection.2.2}{STEP.2\040VFI\040and\040simulation\040paths\040of\040consumption\040and\040asset\040holding}{section.2}% 6
\BOOKMARK [3][-]{subsubsection.2.2.1}{Infinitely-lived\040household\040economy}{subsection.2.2}% 7
\BOOKMARK [3][-]{subsubsection.2.2.2}{The\040life-cycle\040economy}{subsection.2.2}% 8
\BOOKMARK [1][-]{section.3}{II.4\040solution}{}% 9
\BOOKMARK [2][-]{subsection.3.1}{II.4.1\040No\040uncertainty:\040=0,\040y\040=\0400\040}{section.3}% 10
\BOOKMARK [2][-]{subsection.3.2}{1.\040infinite\040case}{section.3}% 11
\BOOKMARK [2][-]{subsection.3.3}{2.\040finite\040case}{section.3}% 12
\BOOKMARK [2][-]{subsection.3.4}{II.4.2\040Uncertainty:\040=0,\040y\040=\0400.1\040}{section.3}% 13
\BOOKMARK [3][-]{subsubsection.3.4.1}{1.\040plot\040infinitely\040and\040finite\040case\040of\040consumption\040policy\040function\040w.r.t\040state\040under\040two\040utility\040functions}{subsection.3.4}% 14
\BOOKMARK [3][-]{subsubsection.3.4.2}{2.\040time\040path\040consumption\040plot\040for\040T\040=\04045:\040Error:\040Oscillation}{subsection.3.4}% 15
\BOOKMARK [3][-]{subsubsection.3.4.3}{3.\040compare\040the\040case\040with\040=2,5,20}{subsection.3.4}% 16
\BOOKMARK [3][-]{subsubsection.3.4.4}{4.\040increase\040the\040variance\040of\040the\040income\040shock\040from\040.1\040to\040.5}{subsection.3.4}% 17
\BOOKMARK [3][-]{subsubsection.3.4.5}{5.\040increase\040the\040persistence\040of\040the\040income\040shock\040from\0400\040to\040.95}{subsection.3.4}% 18
\BOOKMARK [1][-]{section.4}{II.5\040General\040Equilibrium}{}% 19
\BOOKMARK [2][-]{subsection.4.1}{II.5.1\040The\040simple\040ABHI\040model}{section.4}% 20
\BOOKMARK [2][-]{subsection.4.2}{II.5.2\040Solving\040Aiyagari\040\(1994\)}{section.4}% 21
\BOOKMARK [2][-]{subsection.4.3}{II.5.3\040An\040application}{section.4}% 22
\BOOKMARK [3][-]{subsubsection.4.3.1}{Describe\040your\040economic\040environment\040\(preferences,\040technology\040and\040market\040structure\)}{subsection.4.3}% 23
\BOOKMARK [3][-]{subsubsection.4.3.2}{stay\040tuned}{subsection.4.3}% 24
